e:\3course\5sem\sp\lab2\sp02_com\debug\sp02_com.pch
e:\3course\5sem\sp\lab2\sp02_com\debug\vc143.pdb
e:\3course\5sem\sp\lab2\sp02_com\debug\vc143.idb
e:\3course\5sem\sp\lab2\sp02_com\debug\pch.obj
e:\3course\5sem\sp\lab2\sp02_com\debug\dllmain.obj
e:\3course\5sem\sp\lab2\sp02_com\debug\sp02.obj
e:\3course\5sem\sp\lab2\sp02_com\debug\registry.obj
e:\3course\5sem\sp\lab2\sp02_com\debug\mathfactory.obj
e:\3course\5sem\sp\lab2\debug\sp02_com.lib
e:\3course\5sem\sp\lab2\debug\sp02_com.exp
e:\3course\5sem\sp\lab2\debug\sp02_com.dll
e:\3course\5sem\sp\lab2\sp02_com\debug\sp02_com.ilk
e:\3course\5sem\sp\lab2\debug\sp02_com.pdb
c:\users\nikita\desktop\labs_3-1\sp\lab2\sp02_com\debug\dllmain.obj
c:\users\nikita\desktop\labs_3-1\sp\lab2\sp02_com\debug\mathfactory.obj
c:\users\nikita\desktop\labs_3-1\sp\lab2\sp02_com\debug\pch.obj
c:\users\nikita\desktop\labs_3-1\sp\lab2\sp02_com\debug\registry.obj
c:\users\nikita\desktop\labs_3-1\sp\lab2\sp02_com\debug\sp02.obj
c:\users\nikita\desktop\labs_3-1\sp\lab2\sp02_com\debug\sp02_com.ilk
c:\users\nikita\desktop\labs_3-1\sp\lab2\sp02_com\debug\sp02_com.pch
c:\users\nikita\desktop\labs_3-1\sp\lab2\sp02_com\debug\vc143.idb
c:\users\nikita\desktop\labs_3-1\sp\lab2\sp02_com\debug\vc143.pdb
c:\users\nikita\desktop\labs_3-1\sp\lab2\debug\sp02_com.pdb
c:\users\nikita\desktop\labs_3-1\sp\lab2\debug\sp02_com.dll
c:\users\nikita\desktop\labs_3-1\sp\lab2\sp02_com\debug\sp02_com.tlog\cl.command.1.tlog
c:\users\nikita\desktop\labs_3-1\sp\lab2\sp02_com\debug\sp02_com.tlog\cl.items.tlog
c:\users\nikita\desktop\labs_3-1\sp\lab2\sp02_com\debug\sp02_com.tlog\cl.read.1.tlog
c:\users\nikita\desktop\labs_3-1\sp\lab2\sp02_com\debug\sp02_com.tlog\cl.write.1.tlog
c:\users\nikita\desktop\labs_3-1\sp\lab2\sp02_com\debug\sp02_com.tlog\link.command.1.tlog
c:\users\nikita\desktop\labs_3-1\sp\lab2\sp02_com\debug\sp02_com.tlog\link.read.1.tlog
c:\users\nikita\desktop\labs_3-1\sp\lab2\sp02_com\debug\sp02_com.tlog\link.write.1.tlog
c:\users\nikita\desktop\labs_3-1\sp\lab2\sp02_com\debug\sp02_com.tlog\link.write.2u.tlog
