c:\users\nikita\desktop\labs_3-1\sp\lab5\os13_htcom\debug\os13_htcom.pch
c:\users\nikita\desktop\labs_3-1\sp\lab5\os13_htcom\debug\vc143.pdb
c:\users\nikita\desktop\labs_3-1\sp\lab5\os13_htcom\debug\vc143.idb
c:\users\nikita\desktop\labs_3-1\sp\lab5\os13_htcom\debug\pch.obj
c:\users\nikita\desktop\labs_3-1\sp\lab5\os13_htcom\debug\registry.obj
c:\users\nikita\desktop\labs_3-1\sp\lab5\os13_htcom\debug\exportfunctions.obj
c:\users\nikita\desktop\labs_3-1\sp\lab5\os13_htcom\debug\dllmain.obj
c:\users\nikita\desktop\labs_3-1\sp\lab5\os13_htcom\debug\componentht.obj
c:\users\nikita\desktop\labs_3-1\sp\lab5\os13_htcom\debug\classfactory.obj
c:\users\nikita\desktop\labs_3-1\sp\lab5\os13_htcom\debug\os13_htcom.ilk
c:\users\nikita\desktop\labs_3-1\sp\lab5\debug\os13_htcom.dll
c:\users\nikita\desktop\labs_3-1\sp\lab5\debug\os13_htcom.pdb
c:\users\nikita\desktop\labs_3-1\sp\lab5\debug\os13_htcom.lib
c:\users\nikita\desktop\labs_3-1\sp\lab5\debug\os13_htcom.exp
c:\users\nikita\desktop\labs_3-1\sp\lab5\os13_htcom\debug\os13_htcom.tlog\cl.command.1.tlog
c:\users\nikita\desktop\labs_3-1\sp\lab5\os13_htcom\debug\os13_htcom.tlog\cl.items.tlog
c:\users\nikita\desktop\labs_3-1\sp\lab5\os13_htcom\debug\os13_htcom.tlog\cl.read.1.tlog
c:\users\nikita\desktop\labs_3-1\sp\lab5\os13_htcom\debug\os13_htcom.tlog\cl.write.1.tlog
c:\users\nikita\desktop\labs_3-1\sp\lab5\os13_htcom\debug\os13_htcom.tlog\link.command.1.tlog
c:\users\nikita\desktop\labs_3-1\sp\lab5\os13_htcom\debug\os13_htcom.tlog\link.read.1.tlog
c:\users\nikita\desktop\labs_3-1\sp\lab5\os13_htcom\debug\os13_htcom.tlog\link.write.1.tlog
c:\users\nikita\desktop\labs_3-1\sp\lab5\os13_htcom\debug\os13_htcom.tlog\link.write.2u.tlog
