  Main.cpp
C:\Users\Nikita\Desktop\Labs_3-1\OS\Lab9\OS09\OS09_01\Main.cpp(1,10): warning C4067: непредвиденные лексемы за директивой препроцессора, требуется newline
C:\Program Files\Microsoft Visual Studio\2022\Community\VC\Tools\MSVC\14.37.32822\include\xstring(2728,53): warning C4244: аргумент: преобразование "wchar_t" в "const _Elem", возможна потеря данных
          with
          [
              _Elem=char
          ]
C:\Program Files\Microsoft Visual Studio\2022\Community\VC\Tools\MSVC\14.37.32822\include\xstring(2584,17): message : выполняется компиляция ссылки на экземпляр шаблон функции "void std::basic_string<char,std::char_traits<char>,std::allocator<char>>::_Construct_from_iter<wchar_t*,wchar_t*,_Size_type>(_Iter,const _Sent,_Size)"
          with
          [
              _Size_type=unsigned __int64,
              _Iter=wchar_t *,
              _Sent=wchar_t *,
              _Size=unsigned __int64
          ]
C:\Users\Nikita\Desktop\Labs_3-1\OS\Lab9\OS09\OS09_01\Main.cpp(10,20): message : выполняется компиляция ссылки на экземпляр шаблон функции "std::basic_string<char,std::char_traits<char>,std::allocator<char>>::basic_string<std::_String_iterator<std::_String_val<std::_Simple_types<_Elem>>>,0>(_Iter,_Iter,const _Alloc &)"
          with
          [
              _Elem=wchar_t,
              _Iter=std::_String_iterator<std::_String_val<std::_Simple_types<wchar_t>>>,
              _Alloc=std::allocator<char>
          ]
C:\Users\Nikita\Desktop\Labs_3-1\OS\Lab9\OS09\OS09_01\Main.cpp(10,20): message : см. первую ссылку на "std::basic_string<char,std::char_traits<char>,std::allocator<char>>::basic_string" в "getFileName"
C:\Users\Nikita\Desktop\Labs_3-1\OS\Lab9\OS09\OS09_01\Main.cpp(86): warning C4715: printFileTxt: значение возвращается не при всех путях выполнения
  OS09_01.vcxproj -> C:\Users\Nikita\Desktop\Labs_3-1\OS\Lab9\OS09\x64\Debug\OS09_01.exe
