c:\users\nikita\desktop\labs_3-1\sp\lab6\os14_htcom\x64\debug\os14_htcom.pch
c:\users\nikita\desktop\labs_3-1\sp\lab6\os14_htcom\x64\debug\vc143.pdb
c:\users\nikita\desktop\labs_3-1\sp\lab6\os14_htcom\x64\debug\vc143.idb
c:\users\nikita\desktop\labs_3-1\sp\lab6\os14_htcom\x64\debug\pch.obj
c:\users\nikita\desktop\labs_3-1\sp\lab6\os14_htcom\x64\debug\registry.obj
c:\users\nikita\desktop\labs_3-1\sp\lab6\os14_htcom\x64\debug\exportfunctions.obj
c:\users\nikita\desktop\labs_3-1\sp\lab6\os14_htcom\x64\debug\dllmain.obj
c:\users\nikita\desktop\labs_3-1\sp\lab6\os14_htcom\x64\debug\componentht.obj
c:\users\nikita\desktop\labs_3-1\sp\lab6\os14_htcom\x64\debug\classfactory.obj
c:\users\nikita\desktop\labs_3-1\sp\lab6\os14_htcom\x64\debug\os14_htcom.ilk
c:\users\nikita\desktop\labs_3-1\sp\lab6\x64\debug\os14_htcom.dll
c:\users\nikita\desktop\labs_3-1\sp\lab6\x64\debug\os14_htcom.pdb
c:\users\nikita\desktop\labs_3-1\sp\lab6\x64\debug\os14_htcom.lib
c:\users\nikita\desktop\labs_3-1\sp\lab6\x64\debug\os14_htcom.exp
c:\users\nikita\desktop\labs_3-1\sp\lab6\os14_htcom\x64\debug\os14_htcom.tlog\cl.command.1.tlog
c:\users\nikita\desktop\labs_3-1\sp\lab6\os14_htcom\x64\debug\os14_htcom.tlog\cl.items.tlog
c:\users\nikita\desktop\labs_3-1\sp\lab6\os14_htcom\x64\debug\os14_htcom.tlog\cl.read.1.tlog
c:\users\nikita\desktop\labs_3-1\sp\lab6\os14_htcom\x64\debug\os14_htcom.tlog\cl.write.1.tlog
c:\users\nikita\desktop\labs_3-1\sp\lab6\os14_htcom\x64\debug\os14_htcom.tlog\link.command.1.tlog
c:\users\nikita\desktop\labs_3-1\sp\lab6\os14_htcom\x64\debug\os14_htcom.tlog\link.read.1.tlog
c:\users\nikita\desktop\labs_3-1\sp\lab6\os14_htcom\x64\debug\os14_htcom.tlog\link.write.1.tlog
c:\users\nikita\desktop\labs_3-1\sp\lab6\os14_htcom\x64\debug\os14_htcom.tlog\link.write.2u.tlog
