  ClassFactory.cpp
  ComponentHT.cpp
  Registry.cpp
C:\Users\Nikita\Desktop\Labs_3-1\SP\Lab5\OS13_HTCOM\Registry.cpp(144,24): warning C4267: аргумент: преобразование из "size_t" в "DWORD"; возможна потеря данных
  Создание кода...
     Создается библиотека C:\Users\Nikita\Desktop\Labs_3-1\SP\Lab5\x64\Debug\OS13_HTCOM.lib и объект C:\Users\Nikita\Desktop\Labs_3-1\SP\Lab5\x64\Debug\OS13_HTCOM.exp
ComponentHT.obj : error LNK2019: ссылка на неразрешенный внешний символ "public: __cdecl ht::Element::Element(void const *,int)" (??0Element@ht@@QEAA@PEBXH@Z) в функции "public: virtual long __cdecl ComponentHT::createGetElement(struct ht::Element * *,void const *,int)" (?createGetElement@ComponentHT@@UEAAJPEAPEAUElement@ht@@PEBXH@Z).
ComponentHT.obj : error LNK2019: ссылка на неразрешенный внешний символ "public: __cdecl ht::Element::Element(struct ht::Element const *,void const *,int)" (??0Element@ht@@QEAA@PEBU01@PEBXH@Z) в функции "public: virtual long __cdecl ComponentHT::createUpdateElement(struct ht::Element * *,struct ht::Element const *,void const *,int)" (?createUpdateElement@ComponentHT@@UEAAJPEAPEAUElement@ht@@PEBU23@PEBXH@Z).
ComponentHT.obj : error LNK2019: ссылка на неразрешенный внешний символ "struct ht::HtHandle * __cdecl ht::create(int,int,int,int,wchar_t const *)" (?create@ht@@YAPEAUHtHandle@1@HHHHPEB_W@Z) в функции "public: virtual long __cdecl ComponentHT::create(struct ht::HtHandle * *,int,int,int,int,wchar_t const *)" (?create@ComponentHT@@UEAAJPEAPEAUHtHandle@ht@@HHHHPEB_W@Z).
ComponentHT.obj : error LNK2019: ссылка на неразрешенный внешний символ "struct ht::HtHandle * __cdecl ht::open(wchar_t const *,bool)" (?open@ht@@YAPEAUHtHandle@1@PEB_W_N@Z) в функции "public: virtual long __cdecl ComponentHT::open(struct ht::HtHandle * *,wchar_t const *,bool)" (?open@ComponentHT@@UEAAJPEAPEAUHtHandle@ht@@PEB_W_N@Z).
ComponentHT.obj : error LNK2019: ссылка на неразрешенный внешний символ "int __cdecl ht::snap(struct ht::HtHandle *)" (?snap@ht@@YAHPEAUHtHandle@1@@Z) в функции "public: virtual long __cdecl ComponentHT::snap(int &,struct ht::HtHandle *)" (?snap@ComponentHT@@UEAAJAEAHPEAUHtHandle@ht@@@Z).
ComponentHT.obj : error LNK2019: ссылка на неразрешенный внешний символ "int __cdecl ht::close(struct ht::HtHandle const *)" (?close@ht@@YAHPEBUHtHandle@1@@Z) в функции "public: virtual long __cdecl ComponentHT::close(int &,struct ht::HtHandle *)" (?close@ComponentHT@@UEAAJAEAHPEAUHtHandle@ht@@@Z).
ComponentHT.obj : error LNK2019: ссылка на неразрешенный внешний символ "int __cdecl ht::insert(struct ht::HtHandle *,struct ht::Element const *)" (?insert@ht@@YAHPEAUHtHandle@1@PEBUElement@1@@Z) в функции "public: virtual long __cdecl ComponentHT::insert(int &,struct ht::HtHandle *,struct ht::Element const *)" (?insert@ComponentHT@@UEAAJAEAHPEAUHtHandle@ht@@PEBUElement@3@@Z).
ComponentHT.obj : error LNK2019: ссылка на неразрешенный внешний символ "int __cdecl ht::removeOne(struct ht::HtHandle *,struct ht::Element const *)" (?removeOne@ht@@YAHPEAUHtHandle@1@PEBUElement@1@@Z) в функции "public: virtual long __cdecl ComponentHT::removeOne(int &,struct ht::HtHandle *,struct ht::Element const *)" (?removeOne@ComponentHT@@UEAAJAEAHPEAUHtHandle@ht@@PEBUElement@3@@Z).
ComponentHT.obj : error LNK2019: ссылка на неразрешенный внешний символ "struct ht::Element * __cdecl ht::get(struct ht::HtHandle *,struct ht::Element const *)" (?get@ht@@YAPEAUElement@1@PEAUHtHandle@1@PEBU21@@Z) в функции "public: virtual long __cdecl ComponentHT::get(struct ht::Element * *,struct ht::HtHandle *,struct ht::Element const *)" (?get@ComponentHT@@UEAAJPEAPEAUElement@ht@@PEAUHtHandle@3@PEBU23@@Z).
ComponentHT.obj : error LNK2019: ссылка на неразрешенный внешний символ "int __cdecl ht::update(struct ht::HtHandle *,struct ht::Element const *,void const *,int)" (?update@ht@@YAHPEAUHtHandle@1@PEBUElement@1@PEBXH@Z) в функции "public: virtual long __cdecl ComponentHT::update(int &,struct ht::HtHandle *,struct ht::Element const *,void const *,int)" (?update@ComponentHT@@UEAAJAEAHPEAUHtHandle@ht@@PEBUElement@3@PEBXH@Z).
ComponentHT.obj : error LNK2019: ссылка на неразрешенный внешний символ "char const * __cdecl ht::getLastError(struct ht::HtHandle const *)" (?getLastError@ht@@YAPEBDPEBUHtHandle@1@@Z) в функции "public: virtual long __cdecl ComponentHT::getLastError(char const * *,struct ht::HtHandle *)" (?getLastError@ComponentHT@@UEAAJPEAPEBDPEAUHtHandle@ht@@@Z).
ComponentHT.obj : error LNK2019: ссылка на неразрешенный внешний символ "void __cdecl ht::print(struct ht::Element const *)" (?print@ht@@YAXPEBUElement@1@@Z) в функции "public: virtual long __cdecl ComponentHT::print(struct ht::Element const *)" (?print@ComponentHT@@UEAAJPEBUElement@ht@@@Z).
C:\Users\Nikita\Desktop\Labs_3-1\SP\Lab2\Debug\OS10_HTAPI.lib : warning LNK4272: тип компьютера библиотеки "x86" конфликтует с типом целевого компьютера "x64"
C:\Users\Nikita\Desktop\Labs_3-1\SP\Lab5\x64\Debug\OS13_HTCOM.dll : fatal error LNK1120: неразрешенных внешних элементов: 12
