c:\users\nikita\desktop\lab_3\os11_htapi\debug\os11_htapi.pch
c:\users\nikita\desktop\lab_3\os11_htapi\debug\vc143.pdb
c:\users\nikita\desktop\lab_3\os11_htapi\debug\vc143.idb
c:\users\nikita\desktop\lab_3\os11_htapi\debug\pch.obj
c:\users\nikita\desktop\lab_3\os11_htapi\debug\ht.obj
c:\users\nikita\desktop\lab_3\os11_htapi\debug\element.obj
c:\users\nikita\desktop\lab_3\os11_htapi\debug\dllmain.obj
c:\users\nikita\desktop\lab_3\os11_htapi\debug\os11_htapi.ilk
c:\users\nikita\desktop\lab_3\debug\os11_htapi.dll
c:\users\nikita\desktop\lab_3\debug\os11_htapi.pdb
c:\users\nikita\desktop\lab_3\debug\os11_htapi.lib
c:\users\nikita\desktop\lab_3\debug\os11_htapi.exp
c:\users\nikita\desktop\lab_3\os11_htapi\debug\os11_htapi.tlog\cl.command.1.tlog
c:\users\nikita\desktop\lab_3\os11_htapi\debug\os11_htapi.tlog\cl.items.tlog
c:\users\nikita\desktop\lab_3\os11_htapi\debug\os11_htapi.tlog\cl.read.1.tlog
c:\users\nikita\desktop\lab_3\os11_htapi\debug\os11_htapi.tlog\cl.write.1.tlog
c:\users\nikita\desktop\lab_3\os11_htapi\debug\os11_htapi.tlog\link.command.1.tlog
c:\users\nikita\desktop\lab_3\os11_htapi\debug\os11_htapi.tlog\link.read.1.tlog
c:\users\nikita\desktop\lab_3\os11_htapi\debug\os11_htapi.tlog\link.write.1.tlog
c:\users\nikita\desktop\lab_3\os11_htapi\debug\os11_htapi.tlog\link.write.2u.tlog
