c:\users\nikita\desktop\labs_3-1\sp\lab4\com\sp02_com\sp02_com\x64\debug\sp02_com.pch
c:\users\nikita\desktop\labs_3-1\sp\lab4\com\sp02_com\sp02_com\x64\debug\vc143.pdb
c:\users\nikita\desktop\labs_3-1\sp\lab4\com\sp02_com\sp02_com\x64\debug\vc143.idb
c:\users\nikita\desktop\labs_3-1\sp\lab4\com\sp02_com\sp02_com\x64\debug\pch.obj
c:\users\nikita\desktop\labs_3-1\sp\lab4\com\sp02_com\sp02_com\x64\debug\registry.obj
c:\users\nikita\desktop\labs_3-1\sp\lab4\com\sp02_com\sp02_com\x64\debug\install.obj
c:\users\nikita\desktop\labs_3-1\sp\lab4\com\sp02_com\sp02_com\x64\debug\implclassfactory.obj
c:\users\nikita\desktop\labs_3-1\sp\lab4\com\sp02_com\sp02_com\x64\debug\implclass.obj
c:\users\nikita\desktop\labs_3-1\sp\lab4\com\sp02_com\sp02_com\x64\debug\dllmain.obj
c:\users\nikita\desktop\labs_3-1\sp\lab4\com\sp02_com\sp02_com\x64\debug\com.obj
c:\users\nikita\desktop\labs_3-1\sp\lab4\com\sp02_com\sp02_com\x64\debug\sp02_com.ilk
c:\users\nikita\desktop\labs_3-1\sp\lab4\com\sp02_com\x64\debug\sp02_com.dll
c:\users\nikita\desktop\labs_3-1\sp\lab4\com\sp02_com\x64\debug\sp02_com.pdb
d:\studing\5_semestr\system_programing\labs\lab_4\com\sp02_com\x64\debug\sp02_com.lib
d:\studing\5_semestr\system_programing\labs\lab_4\com\sp02_com\x64\debug\sp02_com.exp
c:\users\nikita\desktop\labs_3-1\sp\lab4\com\sp02_com\x64\debug\sp02_com.lib
c:\users\nikita\desktop\labs_3-1\sp\lab4\com\sp02_com\x64\debug\sp02_com.exp
c:\users\nikita\desktop\labs_3-1\sp\lab4\com\sp02_com\sp02_com\x64\debug\sp02_com.tlog\cl.command.1.tlog
c:\users\nikita\desktop\labs_3-1\sp\lab4\com\sp02_com\sp02_com\x64\debug\sp02_com.tlog\cl.items.tlog
c:\users\nikita\desktop\labs_3-1\sp\lab4\com\sp02_com\sp02_com\x64\debug\sp02_com.tlog\cl.read.1.tlog
c:\users\nikita\desktop\labs_3-1\sp\lab4\com\sp02_com\sp02_com\x64\debug\sp02_com.tlog\cl.write.1.tlog
c:\users\nikita\desktop\labs_3-1\sp\lab4\com\sp02_com\sp02_com\x64\debug\sp02_com.tlog\link.command.1.tlog
c:\users\nikita\desktop\labs_3-1\sp\lab4\com\sp02_com\sp02_com\x64\debug\sp02_com.tlog\link.read.1.tlog
c:\users\nikita\desktop\labs_3-1\sp\lab4\com\sp02_com\sp02_com\x64\debug\sp02_com.tlog\link.write.1.tlog
c:\users\nikita\desktop\labs_3-1\sp\lab4\com\sp02_com\sp02_com\x64\debug\sp02_com.tlog\link.write.2u.tlog
